<?xml version="1.0" encoding="UTF-8"?>
<!-- Generated by org.testng.reporters.JUnitXMLReporter -->
<testsuite ignored="0" hostname="kumar" failures="1" tests="2" name="Purchase Order Test" time="55.075" errors="0" timestamp="2022-10-28T10:44:53 IST">
  <testcase classname="com.Ecommerce.Test.PurchaseOrderTest" name="purchaseProduct" time="8.263">
    <failure type="java.lang.AssertionError" message="expected [true] but found [false]">
      <![CDATA[java.lang.AssertionError: expected [true] but found [false]
at com.Ecommerce.Test.PurchaseOrderTest.purchaseProduct(PurchaseOrderTest.java:27)
at java.base/java.util.ArrayList.forEach(ArrayList.java:1511)
at java.base/java.util.concurrent.FutureTask.run(FutureTask.java:264)
at java.base/java.util.concurrent.ThreadPoolExecutor.runWorker(ThreadPoolExecutor.java:1130)
at java.base/java.util.concurrent.ThreadPoolExecutor$Worker.run(ThreadPoolExecutor.java:630)
at java.base/java.lang.Thread.run(Thread.java:831)
... Removed 21 stack frames]]>
    </failure>
  </testcase> <!-- purchaseProduct -->
  <testcase classname="com.Ecommerce.Test.PurchaseOrderTest" name="purchaseProduct" time="5.197"/>
</testsuite> <!-- Purchase Order Test -->
